Stored value type does not match pointer operand type!
  store i32 42, void (i32)* @writeInteger
 void (i32)loading unsized types is not allowed
  %call = load void (i32), void (i32)* @writeInteger
Call parameter type does not match function signature!
  %call = load void (i32), void (i32)* @writeInteger
 i8*  call void @writeString(void (i32) %call)
; ModuleID = '46predef'
source_filename = "46predef"

%anon = type { <{}>* }
%anon.0 = type { %anon* }
%anon.1 = type { %anon* }

@str = private unnamed_addr constant [2 x i8] c"\0A\00", align 1

declare i8* @GC_malloc(i64)

declare void @GC_init()

declare void @GC_free(i8*)

declare void @writeInteger(i32)

declare void @writeBoolean(i1)

declare void @writeChar(i8)

declare void @writeReal(double)

declare void @writeString(i8*)

declare i32 @readInteger()

declare i1 @readBoolean()

declare i8 @readChar()

declare double @readReal()

declare void @readString(i32, i8*)

declare i32 @abs(i32)

declare double @fabs(double)

declare double @sqrt(double)

declare double @sin(double)

declare double @cos(double)

declare double @tan(double)

declare double @arctan(double)

declare double @exp(double)

declare double @ln(double)

declare double @pi()

declare i32 @ord(i8)

declare i8 @chr(i32)

declare i32 @truncFunc(double)

declare i32 @roundFunc(double)

define void @main() {
entry:
  call void @GC_init()
  %hidden_struct = alloca %anon
  %writeInteger = alloca i32
  store i32 42, void (i32)* @writeInteger
  %call = load void (i32), void (i32)* @writeInteger
  call void @writeString(void (i32) %call)
  call void @newline(%anon* %hidden_struct)
  ret void
}

define void @newline(%anon* %0) {
entry:
  %hidden_struct = alloca %anon.0
  %1 = getelementptr %anon.0, %anon.0* %hidden_struct, i32 0, i32 0
  store %anon* %0, %anon** %1
  call void @writeString(i8* getelementptr inbounds ([2 x i8], [2 x i8]* @str, i32 0, i32 0))
  ret void
}

define void @writeString.1(%anon* %0, i32 %1) {
entry:
  %i = alloca i32
  store i32 %1, i32* %i
  %hidden_struct = alloca %anon.1
  %2 = getelementptr %anon.1, %anon.1* %hidden_struct, i32 0, i32 0
  store %anon* %0, %anon** %2
  %call = load i32, i32* %i
  call void @writeInteger(i32 %call)
  ret void
}
SEMANTIC CORRECT
Problem in the IR
