Call parameter type does not match function signature!
i32 3
 i32*  %0 = call i32 @foo(%anon* %hidden_struct, i32 3)
; ModuleID = 'formals1'
source_filename = "formals1"

%anon = type { <{}>* }
%anon.0 = type { %anon* }

declare i8* @GC_malloc(i64)

declare void @GC_init()

declare void @GC_free(i8*)

declare void @writeInteger(i32)

declare void @writeBoolean(i1)

declare void @writeChar(i8)

declare void @writeReal(double)

declare void @writeString(i8*)

declare i32 @readInteger()

declare i1 @readBoolean()

declare i8 @readChar()

declare double @readReal()

declare void @readString(i32, i8*)

declare i32 @abs(i32)

declare double @fabs(double)

declare double @sqrt(double)

declare double @sin(double)

declare double @cos(double)

declare double @tan(double)

declare double @arctan(double)

declare double @exp(double)

declare double @ln(double)

declare double @pi()

declare i32 @ord(i8)

declare i8 @chr(i32)

declare i32 @truncFunc(double)

declare i32 @roundFunc(double)

define void @main() {
entry:
  call void @GC_init()
  %hidden_struct = alloca %anon
  %0 = call i32 @foo(%anon* %hidden_struct, i32 3)
  ret void
}

define i32 @foo(%anon* %0, i32* %1) {
entry:
  %hidden_struct = alloca %anon.0
  %2 = getelementptr %anon.0, %anon.0* %hidden_struct, i32 0, i32 0
  store %anon* %0, %anon** %2
  %result = alloca i32
  store i32 2, i32* %result
  %return = load i32, i32* %result
  ret i32 %return
}
SEMANTIC CORRECT
Problem in the IR
