Call parameter type does not match function signature!
  %addtmp = add i32 %binop_l, 5
 i32*  call void @aaa(%anon* %hidden_struct, i32 %addtmp)
; ModuleID = '02refpar'
source_filename = "02refpar"

%anon = type { <{}>* }
%anon.0 = type { %anon* }

declare i8* @GC_malloc(i64)

declare void @GC_init()

declare void @GC_free(i8*)

declare void @writeInteger(i32)

declare void @writeBoolean(i1)

declare void @writeChar(i8)

declare void @writeReal(double)

declare void @writeString(i8*)

declare i32 @readInteger()

declare i1 @readBoolean()

declare i8 @readChar()

declare double @readReal()

declare void @readString(i32, i8*)

declare i32 @abs(i32)

declare double @fabs(double)

declare double @sqrt(double)

declare double @sin(double)

declare double @cos(double)

declare double @tan(double)

declare double @arctan(double)

declare double @exp(double)

declare double @ln(double)

declare double @pi()

declare i32 @ord(i8)

declare i8 @chr(i32)

declare i32 @truncFunc(double)

declare i32 @roundFunc(double)

define void @main() {
entry:
  call void @GC_init()
  %hidden_struct = alloca %anon
  %i = alloca i32
  store i32 3, i32* %i
  %binop_l = load i32, i32* %i
  %addtmp = add i32 %binop_l, 5
  call void @aaa(%anon* %hidden_struct, i32 %addtmp)
  ret void
}

define void @aaa(%anon* %0, i32* %1) {
entry:
  %hidden_struct = alloca %anon.0
  %2 = getelementptr %anon.0, %anon.0* %hidden_struct, i32 0, i32 0
  store %anon* %0, %anon** %2
  %call = load i32, i32* %1
  call void @writeInteger(i32 %call)
  ret void
}
SEMANTIC CORRECT
Problem in the IR
